0 info it worked if it ends with ok
1 verbose cli [ 'node', '/usr/local/bin/npm', 'run', 'build' ]
2 info using npm@2.13.3
3 info using node@v0.12.7
4 verbose run-script [ 'prebuild', 'build', 'postbuild' ]
5 info prebuild cite-workflow@0.1.0
6 info build cite-workflow@0.1.0
7 verbose unsafe-perm in lifecycle true
8 info cite-workflow@0.1.0 Failed to exec build script
9 verbose stack Error: cite-workflow@0.1.0 build: `gulp build`
9 verbose stack Exit status 1
9 verbose stack     at EventEmitter.<anonymous> (/usr/local/lib/node_modules/npm/lib/utils/lifecycle.js:214:16)
9 verbose stack     at EventEmitter.emit (events.js:110:17)
9 verbose stack     at ChildProcess.<anonymous> (/usr/local/lib/node_modules/npm/lib/utils/spawn.js:24:14)
9 verbose stack     at ChildProcess.emit (events.js:110:17)
9 verbose stack     at maybeClose (child_process.js:1015:16)
9 verbose stack     at Process.ChildProcess._handle.onexit (child_process.js:1087:5)
10 verbose pkgid cite-workflow@0.1.0
11 verbose cwd /Users/duncankendrick/Web/workflow/public
12 error Darwin 14.4.0
13 error argv "node" "/usr/local/bin/npm" "run" "build"
14 error node v0.12.7
15 error npm  v2.13.3
16 error code ELIFECYCLE
17 error cite-workflow@0.1.0 build: `gulp build`
17 error Exit status 1
18 error Failed at the cite-workflow@0.1.0 build script 'gulp build'.
18 error This is most likely a problem with the cite-workflow package,
18 error not with npm itself.
18 error Tell the author that this fails on your system:
18 error     gulp build
18 error You can get their info via:
18 error     npm owner ls cite-workflow
18 error There is likely additional logging output above.
19 verbose exit [ 1, true ]
